2026-07-10 11:34:34
                [main]
                INFO 
                Automation - ==================================================
2026-07-10 11:34:34
                [main]
                INFO 
                Automation - Scenario : Login with valid credentials
2026-07-10 11:34:34
                [main]
                INFO 
                Automation - ==================================================
2026-07-10 11:34:46
                [main]
                INFO 
                Automation - [STEP] Input : Username
2026-07-10 11:34:47
                [main]
                INFO 
                Automation - [STEP] Input : Password
2026-07-10 11:34:49
                [main]
                INFO 
                Automation - [ACTION] Click : Button Login
2026-07-10 11:34:50
                [main]
                INFO 
                Automation - [VERIFY] Verify Dashboard
2026-07-10 11:34:50
                [main]
                INFO 
                Automation - [STEP] Displayed : Title Halaman Dashboard
2026-07-10 11:34:50
                [main]
                INFO 
                Automation - [PASS] Dashboard displayed
2026-07-10 11:41:30
                [main]
                INFO 
                Automation - ==================================================
2026-07-10 11:41:30
                [main]
                INFO 
                Automation - Scenario : Login with valid credentials
2026-07-10 11:41:30
                [main]
                INFO 
                Automation - ==================================================
2026-07-10 11:41:36
                [main]
                INFO 
                Automation - [STEP] Input : Username
2026-07-10 11:41:38
                [main]
                INFO 
                Automation - [STEP] Input : Password
2026-07-10 11:41:40
                [main]
                INFO 
                Automation - [ACTION] Click : Button Login
2026-07-10 11:41:41
                [main]
                INFO 
                Automation - [VERIFY] Verify Dashboard
2026-07-10 11:41:41
                [main]
                INFO 
                Automation - [STEP] Displayed : Title Halaman Dashboard
2026-07-10 11:41:42
                [main]
                INFO 
                Automation - [PASS] Dashboard displayed
2026-07-10 11:42:00
                [main]
                INFO 
                Automation - ==================================================
2026-07-10 11:42:00
                [main]
                INFO 
                Automation - Scenario : Login with valid credentials
2026-07-10 11:42:00
                [main]
                INFO 
                Automation - ==================================================
2026-07-10 11:42:07
                [main]
                INFO 
                Automation - [STEP] Input : Username
2026-07-10 11:42:09
                [main]
                INFO 
                Automation - [STEP] Input : Password
2026-07-10 11:42:11
                [main]
                INFO 
                Automation - [ACTION] Click : Button Login
2026-07-10 11:42:11
                [main]
                INFO 
                Automation - [VERIFY] Verify Dashboard
2026-07-10 11:42:11
                [main]
                INFO 
                Automation - [STEP] Displayed : Title Halaman Dashboard
2026-07-10 11:42:12
                [main]
                INFO 
                Automation - [PASS] Dashboard displayed
2026-07-10 11:43:51
                [main]
                INFO 
                Automation - ==================================================
2026-07-10 11:43:51
                [main]
                INFO 
                Automation - Scenario : Login with valid credentials
2026-07-10 11:43:51
                [main]
                INFO 
                Automation - ==================================================
2026-07-10 11:43:57
                [main]
                INFO 
                Automation - [STEP] Input : Username
2026-07-10 11:43:59
                [main]
                INFO 
                Automation - [STEP] Input : Password
2026-07-10 11:44:00
                [main]
                INFO 
                Automation - [ACTION] Click : Button Login
2026-07-10 11:44:01
                [main]
                INFO 
                Automation - [VERIFY] Verify Dashboard
2026-07-10 11:44:01
                [main]
                INFO 
                Automation - [STEP] Displayed : Title Halaman Dashboard
2026-07-10 11:44:02
                [main]
                INFO 
                Automation - [PASS] Dashboard displayed
2026-07-10 11:50:27
                [main]
                INFO 
                Automation - ==================================================
2026-07-10 11:50:27
                [main]
                INFO 
                Automation - Scenario : Login with valid credentials
2026-07-10 11:50:27
                [main]
                INFO 
                Automation - ==================================================
2026-07-10 11:50:32
                [main]
                INFO 
                Automation - [STEP] Input : Username
2026-07-10 11:50:35
                [main]
                INFO 
                Automation - [STEP] Input : Password
2026-07-10 11:50:36
                [main]
                INFO 
                Automation - [ACTION] Click : Button Login
2026-07-10 11:50:37
                [main]
                INFO 
                Automation - [VERIFY] Verify Dashboard
2026-07-10 11:50:37
                [main]
                INFO 
                Automation - [STEP] Displayed : Title Halaman Dashboard
2026-07-10 11:50:38
                [main]
                INFO 
                Automation - [PASS] Dashboard displayed
2026-07-10 11:51:26
                [main]
                INFO 
                Automation - ==================================================
2026-07-10 11:51:26
                [main]
                INFO 
                Automation - Scenario : Login with valid credentials
2026-07-10 11:51:26
                [main]
                INFO 
                Automation - ==================================================
2026-07-10 11:51:26
                [main]
                INFO 
                Automation - ==================================================
2026-07-10 11:51:26
                [main]
                INFO 
                Automation - Scenario : Login with valid credentials
2026-07-10 11:51:26
                [main]
                INFO 
                Automation - ==================================================
2026-07-10 11:51:32
                [main]
                INFO 
                Automation - [STEP] Input : Username
2026-07-10 11:51:34
                [main]
                INFO 
                Automation - [STEP] Input : Password
2026-07-10 11:51:36
                [main]
                INFO 
                Automation - [ACTION] Click : Button Login
2026-07-10 11:51:37
                [main]
                INFO 
                Automation - [VERIFY] Verify Dashboard
2026-07-10 11:51:37
                [main]
                INFO 
                Automation - [STEP] Displayed : Title Halaman Dashboard
2026-07-10 11:51:38
                [main]
                INFO 
                Automation - [PASS] Dashboard displayed
2026-07-10 11:52:00
                [main]
                INFO 
                Automation - [STEP] Input : Username
2026-07-10 11:52:06
                [main]
                INFO 
                Automation - [STEP] Input : Password
2026-07-10 11:52:08
                [main]
                INFO 
                Automation - [ACTION] Click : Button Login
2026-07-10 11:52:11
                [main]
                INFO 
                Automation - [VERIFY] Verify Dashboard
2026-07-10 11:52:11
                [main]
                INFO 
                Automation - [STEP] Displayed : Title Halaman Dashboard
2026-07-10 11:52:12
                [main]
                INFO 
                Automation - [PASS] Dashboard displayed
2026-07-10 11:55:12
                [main]
                INFO 
                Automation - ==================================================
2026-07-10 11:55:12
                [main]
                INFO 
                Automation - Scenario : Login with valid credentials
2026-07-10 11:55:12
                [main]
                INFO 
                Automation - ==================================================
2026-07-10 11:55:12
                [main]
                INFO 
                Automation - ==================================================
2026-07-10 11:55:12
                [main]
                INFO 
                Automation - Scenario : Login with valid credentials
2026-07-10 11:55:12
                [main]
                INFO 
                Automation - ==================================================
2026-07-10 11:55:18
                [main]
                INFO 
                Automation - [STEP] Input : Username
2026-07-10 11:55:20
                [main]
                INFO 
                Automation - [STEP] Input : Password
2026-07-10 11:55:22
                [main]
                INFO 
                Automation - [ACTION] Click : Button Login
2026-07-10 11:55:22
                [main]
                INFO 
                Automation - [VERIFY] Verify Dashboard
2026-07-10 11:55:22
                [main]
                INFO 
                Automation - [STEP] Displayed : Title Halaman Dashboard
2026-07-10 11:55:24
                [main]
                INFO 
                Automation - [PASS] Dashboard displayed
2026-07-10 11:55:27
                [main]
                INFO 
                Automation - [STEP] Input : Username
2026-07-10 11:55:29
                [main]
                INFO 
                Automation - [STEP] Input : Password
2026-07-10 11:55:31
                [main]
                INFO 
                Automation - [ACTION] Click : Button Login
2026-07-10 11:55:31
                [main]
                INFO 
                Automation - [VERIFY] Verify Dashboard
2026-07-10 11:55:31
                [main]
                INFO 
                Automation - [STEP] Displayed : Title Halaman Dashboard
2026-07-10 11:55:32
                [main]
                INFO 
                Automation - [PASS] Dashboard displayed
2026-07-10 12:02:21
                [main]
                ERROR
                io.qameta.allure.AllureLifecycle - Could not update test case: test case with uuid 7ee935fc-8633-40a2-904e-f7abbd89101c not found
2026-07-10 12:02:21
                [main]
                ERROR
                io.qameta.allure.AllureLifecycle - Could not update test case: test case with uuid 7ee935fc-8633-40a2-904e-f7abbd89101c not found
2026-07-10 12:02:21
                [main]
                ERROR
                io.qameta.allure.AllureLifecycle - Could not update test case: test case with uuid 7ee935fc-8633-40a2-904e-f7abbd89101c not found
2026-07-10 12:02:21
                [main]
                ERROR
                io.qameta.allure.AllureLifecycle - Could not update test case: test case with uuid 7ee935fc-8633-40a2-904e-f7abbd89101c not found
2026-07-10 12:02:21
                [main]
                ERROR
                io.qameta.allure.AllureLifecycle - Could not update test case: test case with uuid 7ee935fc-8633-40a2-904e-f7abbd89101c not found
2026-07-10 12:02:21
                [main]
                INFO 
                Automation - ==================================================
2026-07-10 12:02:21
                [main]
                INFO 
                Automation - Scenario : Login with valid credentials
2026-07-10 12:02:21
                [main]
                INFO 
                Automation - ==================================================
2026-07-10 12:02:21
                [main]
                ERROR
                io.qameta.allure.AllureLifecycle - Could not update test case: test case with uuid 4116f352-7f92-42db-b140-4ae639bbbb78 not found
2026-07-10 12:02:21
                [main]
                ERROR
                io.qameta.allure.AllureLifecycle - Could not update test case: test case with uuid 4116f352-7f92-42db-b140-4ae639bbbb78 not found
2026-07-10 12:02:21
                [main]
                ERROR
                io.qameta.allure.AllureLifecycle - Could not update test case: test case with uuid 4116f352-7f92-42db-b140-4ae639bbbb78 not found
2026-07-10 12:02:21
                [main]
                ERROR
                io.qameta.allure.AllureLifecycle - Could not update test case: test case with uuid 4116f352-7f92-42db-b140-4ae639bbbb78 not found
2026-07-10 12:02:21
                [main]
                ERROR
                io.qameta.allure.AllureLifecycle - Could not update test case: test case with uuid 4116f352-7f92-42db-b140-4ae639bbbb78 not found
2026-07-10 12:02:21
                [main]
                INFO 
                Automation - ==================================================
2026-07-10 12:02:21
                [main]
                INFO 
                Automation - Scenario : Login with valid credentials
2026-07-10 12:02:21
                [main]
                INFO 
                Automation - ==================================================
2026-07-10 12:02:27
                [main]
                INFO 
                Automation - [STEP] Input : Username
2026-07-10 12:02:29
                [main]
                INFO 
                Automation - [STEP] Input : Password
2026-07-10 12:02:31
                [main]
                INFO 
                Automation - [ACTION] Click : Button Login
2026-07-10 12:02:31
                [main]
                INFO 
                Automation - [VERIFY] Verify Dashboard
2026-07-10 12:02:31
                [main]
                INFO 
                Automation - [STEP] Displayed : Title Halaman Dashboard
2026-07-10 12:02:32
                [main]
                INFO 
                Automation - [STEP] Input : Username
2026-07-10 12:02:32
                [main]
                INFO 
                Automation - [PASS] Dashboard displayed
2026-07-10 12:02:34
                [main]
                INFO 
                Automation - [STEP] Input : Password
2026-07-10 12:02:36
                [main]
                INFO 
                Automation - [ACTION] Click : Button Login
2026-07-10 12:02:36
                [main]
                INFO 
                Automation - [VERIFY] Verify Dashboard
2026-07-10 12:02:36
                [main]
                INFO 
                Automation - [STEP] Displayed : Title Halaman Dashboard
2026-07-10 12:02:38
                [main]
                INFO 
                Automation - [PASS] Dashboard displayed
2026-07-10 12:04:47
                [main]
                ERROR
                io.qameta.allure.AllureLifecycle - Could not update test case: test case with uuid a0c40310-5253-4203-b97c-3c238a1fccfc not found
2026-07-10 12:04:47
                [main]
                ERROR
                io.qameta.allure.AllureLifecycle - Could not update test case: test case with uuid a0c40310-5253-4203-b97c-3c238a1fccfc not found
2026-07-10 12:04:47
                [main]
                ERROR
                io.qameta.allure.AllureLifecycle - Could not update test case: test case with uuid a0c40310-5253-4203-b97c-3c238a1fccfc not found
2026-07-10 12:04:47
                [main]
                ERROR
                io.qameta.allure.AllureLifecycle - Could not update test case: test case with uuid a0c40310-5253-4203-b97c-3c238a1fccfc not found
2026-07-10 12:04:47
                [main]
                ERROR
                io.qameta.allure.AllureLifecycle - Could not update test case: test case with uuid a0c40310-5253-4203-b97c-3c238a1fccfc not found
2026-07-10 12:04:47
                [main]
                INFO 
                Automation - ==================================================
2026-07-10 12:04:47
                [main]
                INFO 
                Automation - Scenario : Login with valid credentials
2026-07-10 12:04:47
                [main]
                INFO 
                Automation - ==================================================
2026-07-10 12:04:53
                [main]
                INFO 
                Automation - [STEP] Input : Username
2026-07-10 12:04:55
                [main]
                INFO 
                Automation - [STEP] Input : Password
2026-07-10 12:04:57
                [main]
                INFO 
                Automation - [ACTION] Click : Button Login
2026-07-10 12:04:57
                [main]
                INFO 
                Automation - [VERIFY] Verify Dashboard
2026-07-10 12:04:57
                [main]
                INFO 
                Automation - [STEP] Displayed : Title Halaman Dashboard
2026-07-10 12:04:58
                [main]
                INFO 
                Automation - [PASS] Dashboard displayed
2026-07-10 12:06:26
                [main]
                INFO 
                Automation - ==================================================
2026-07-10 12:06:26
                [main]
                INFO 
                Automation - Scenario : Login with valid credentials
2026-07-10 12:06:26
                [main]
                INFO 
                Automation - ==================================================
2026-07-10 12:06:32
                [main]
                INFO 
                Automation - [STEP] Input : Username
2026-07-10 12:06:34
                [main]
                INFO 
                Automation - [STEP] Input : Password
2026-07-10 12:06:35
                [main]
                INFO 
                Automation - [ACTION] Click : Button Login
2026-07-10 12:06:36
                [main]
                INFO 
                Automation - [VERIFY] Verify Dashboard
2026-07-10 12:06:36
                [main]
                INFO 
                Automation - [STEP] Displayed : Title Halaman Dashboard
2026-07-10 12:06:37
                [main]
                INFO 
                Automation - [PASS] Dashboard displayed
2026-07-10 13:26:30
                [main]
                INFO 
                Automation - ==================================================
2026-07-10 13:26:30
                [main]
                INFO 
                Automation - Scenario : Login with valid credentials
2026-07-10 13:26:30
                [main]
                INFO 
                Automation - ==================================================
2026-07-10 13:26:36
                [main]
                INFO 
                Automation - [STEP] Input : Username
2026-07-10 13:26:38
                [main]
                INFO 
                Automation - [STEP] Input : Password
2026-07-10 13:26:40
                [main]
                INFO 
                Automation - [ACTION] Click : Button Login
2026-07-10 13:26:41
                [main]
                INFO 
                Automation - [VERIFY] Verify Dashboard
2026-07-10 13:26:41
                [main]
                INFO 
                Automation - [STEP] Displayed : Title Halaman Dashboard
2026-07-10 13:26:41
                [main]
                INFO 
                Automation - [PASS] Dashboard displayed
2026-07-10 13:27:29
                [main]
                INFO 
                Automation - ==================================================
2026-07-10 13:27:29
                [main]
                INFO 
                Automation - Scenario : Login with valid credentials
2026-07-10 13:27:29
                [main]
                INFO 
                Automation - ==================================================
2026-07-10 13:27:29
                [main]
                INFO 
                Automation - ==================================================
2026-07-10 13:27:29
                [main]
                INFO 
                Automation - Scenario : Login with valid credentials
2026-07-10 13:27:29
                [main]
                INFO 
                Automation - ==================================================
2026-07-10 13:27:35
                [main]
                INFO 
                Automation - [STEP] Input : Username
2026-07-10 13:27:37
                [main]
                INFO 
                Automation - [STEP] Input : Password
2026-07-10 13:27:38
                [main]
                INFO 
                Automation - [ACTION] Click : Button Login
2026-07-10 13:27:39
                [main]
                INFO 
                Automation - [VERIFY] Verify Dashboard
2026-07-10 13:27:39
                [main]
                INFO 
                Automation - [STEP] Displayed : Title Halaman Dashboard
2026-07-10 13:27:40
                [main]
                INFO 
                Automation - [STEP] Input : Username
2026-07-10 13:27:40
                [main]
                INFO 
                Automation - [PASS] Dashboard displayed
2026-07-10 13:27:42
                [main]
                INFO 
                Automation - [STEP] Input : Password
2026-07-10 13:27:43
                [main]
                INFO 
                Automation - [ACTION] Click : Button Login
2026-07-10 13:27:44
                [main]
                INFO 
                Automation - [VERIFY] Verify Dashboard
2026-07-10 13:27:44
                [main]
                INFO 
                Automation - [STEP] Displayed : Title Halaman Dashboard
2026-07-10 13:27:45
                [main]
                INFO 
                Automation - [PASS] Dashboard displayed
2026-07-10 13:31:30
                [main]
                ERROR
                io.qameta.allure.AllureLifecycle - Could not update test case: test case with uuid a5bd45c2-2b1e-4ff7-aefa-1084308dabc8 not found
2026-07-10 13:31:30
                [main]
                ERROR
                io.qameta.allure.AllureLifecycle - Could not update test case: test case with uuid a5bd45c2-2b1e-4ff7-aefa-1084308dabc8 not found
2026-07-10 13:31:30
                [main]
                ERROR
                io.qameta.allure.AllureLifecycle - Could not update test case: test case with uuid a5bd45c2-2b1e-4ff7-aefa-1084308dabc8 not found
2026-07-10 13:31:30
                [main]
                ERROR
                io.qameta.allure.AllureLifecycle - Could not update test case: test case with uuid a5bd45c2-2b1e-4ff7-aefa-1084308dabc8 not found
2026-07-10 13:31:30
                [main]
                ERROR
                io.qameta.allure.AllureLifecycle - Could not update test case: test case with uuid a5bd45c2-2b1e-4ff7-aefa-1084308dabc8 not found
2026-07-10 13:31:30
                [main]
                INFO 
                Automation - ==================================================
2026-07-10 13:31:30
                [main]
                INFO 
                Automation - Scenario : Login with valid credentials
2026-07-10 13:31:30
                [main]
                INFO 
                Automation - ==================================================
2026-07-10 13:31:30
                [main]
                ERROR
                io.qameta.allure.AllureLifecycle - Could not update test case: test case with uuid 8a0e21dc-a68e-4b4e-b0da-04b826228452 not found
2026-07-10 13:31:30
                [main]
                ERROR
                io.qameta.allure.AllureLifecycle - Could not update test case: test case with uuid 8a0e21dc-a68e-4b4e-b0da-04b826228452 not found
2026-07-10 13:31:30
                [main]
                ERROR
                io.qameta.allure.AllureLifecycle - Could not update test case: test case with uuid 8a0e21dc-a68e-4b4e-b0da-04b826228452 not found
2026-07-10 13:31:30
                [main]
                ERROR
                io.qameta.allure.AllureLifecycle - Could not update test case: test case with uuid 8a0e21dc-a68e-4b4e-b0da-04b826228452 not found
2026-07-10 13:31:30
                [main]
                ERROR
                io.qameta.allure.AllureLifecycle - Could not update test case: test case with uuid 8a0e21dc-a68e-4b4e-b0da-04b826228452 not found
2026-07-10 13:31:30
                [main]
                INFO 
                Automation - ==================================================
2026-07-10 13:31:30
                [main]
                INFO 
                Automation - Scenario : Login with valid credentials
2026-07-10 13:31:30
                [main]
                INFO 
                Automation - ==================================================
2026-07-10 13:31:36
                [main]
                INFO 
                Automation - [STEP] Input : Username
2026-07-10 13:31:38
                [main]
                INFO 
                Automation - [STEP] Input : Password
2026-07-10 13:31:39
                [main]
                INFO 
                Automation - [STEP] Input : Username
2026-07-10 13:31:39
                [main]
                INFO 
                Automation - [ACTION] Click : Button Login
2026-07-10 13:31:40
                [main]
                INFO 
                Automation - [VERIFY] Verify Dashboard
2026-07-10 13:31:40
                [main]
                INFO 
                Automation - [STEP] Displayed : Title Halaman Dashboard
2026-07-10 13:31:41
                [main]
                INFO 
                Automation - [STEP] Input : Password
2026-07-10 13:31:41
                [main]
                INFO 
                Automation - [PASS] Dashboard displayed
2026-07-10 13:31:42
                [main]
                INFO 
                Automation - [ACTION] Click : Button Login
2026-07-10 13:31:43
                [main]
                INFO 
                Automation - [VERIFY] Verify Dashboard
2026-07-10 13:31:43
                [main]
                INFO 
                Automation - [STEP] Displayed : Title Halaman Dashboard
2026-07-10 13:31:44
                [main]
                INFO 
                Automation - [PASS] Dashboard displayed
2026-07-10 13:34:17
                [main]
                ERROR
                io.qameta.allure.AllureLifecycle - Could not update test case: test case with uuid 3e9fc8f6-abdf-4378-874e-0941f3805530 not found
2026-07-10 13:34:17
                [main]
                ERROR
                io.qameta.allure.AllureLifecycle - Could not update test case: test case with uuid 3e9fc8f6-abdf-4378-874e-0941f3805530 not found
2026-07-10 13:34:17
                [main]
                ERROR
                io.qameta.allure.AllureLifecycle - Could not update test case: test case with uuid 3e9fc8f6-abdf-4378-874e-0941f3805530 not found
2026-07-10 13:34:17
                [main]
                INFO 
                Automation - ==================================================
2026-07-10 13:34:17
                [main]
                INFO 
                Automation - Scenario : Login with valid credentials
2026-07-10 13:34:17
                [main]
                INFO 
                Automation - ==================================================
2026-07-10 13:34:17
                [main]
                ERROR
                io.qameta.allure.AllureLifecycle - Could not update test case: test case with uuid 3d1a3170-266b-4bc6-b0c6-3c2746f20d6e not found
2026-07-10 13:34:17
                [main]
                ERROR
                io.qameta.allure.AllureLifecycle - Could not update test case: test case with uuid 3d1a3170-266b-4bc6-b0c6-3c2746f20d6e not found
2026-07-10 13:34:17
                [main]
                ERROR
                io.qameta.allure.AllureLifecycle - Could not update test case: test case with uuid 3d1a3170-266b-4bc6-b0c6-3c2746f20d6e not found
2026-07-10 13:34:17
                [main]
                INFO 
                Automation - ==================================================
2026-07-10 13:34:17
                [main]
                INFO 
                Automation - Scenario : Login with valid credentials
2026-07-10 13:34:17
                [main]
                INFO 
                Automation - ==================================================
2026-07-10 13:34:23
                [main]
                INFO 
                Automation - [STEP] Input : Username
2026-07-10 13:34:24
                [main]
                INFO 
                Automation - [STEP] Input : Username
2026-07-10 13:34:25
                [main]
                INFO 
                Automation - [STEP] Input : Password
2026-07-10 13:34:26
                [main]
                INFO 
                Automation - [ACTION] Click : Button Login
2026-07-10 13:34:26
                [main]
                INFO 
                Automation - [STEP] Input : Password
2026-07-10 13:34:27
                [main]
                INFO 
                Automation - [VERIFY] Verify Dashboard
2026-07-10 13:34:27
                [main]
                INFO 
                Automation - [STEP] Displayed : Title Halaman Dashboard
2026-07-10 13:34:28
                [main]
                INFO 
                Automation - [PASS] Dashboard displayed
2026-07-10 13:34:28
                [main]
                INFO 
                Automation - [ACTION] Click : Button Login
2026-07-10 13:34:29
                [main]
                INFO 
                Automation - [VERIFY] Verify Dashboard
2026-07-10 13:34:29
                [main]
                INFO 
                Automation - [STEP] Displayed : Title Halaman Dashboard
2026-07-10 13:34:30
                [main]
                INFO 
                Automation - [PASS] Dashboard displayed
2026-07-10 13:38:47
                [main]
                INFO 
                Automation - ==================================================
2026-07-10 13:38:47
                [main]
                INFO 
                Automation - Scenario : Login with valid credentials
2026-07-10 13:38:47
                [main]
                INFO 
                Automation - ==================================================
2026-07-10 13:38:47
                [main]
                INFO 
                Automation - ==================================================
2026-07-10 13:38:47
                [main]
                INFO 
                Automation - Scenario : Login with valid credentials
2026-07-10 13:38:47
                [main]
                INFO 
                Automation - ==================================================
2026-07-10 13:38:54
                [main]
                ERROR
                Automation - [FAIL] Screenshot : /Users/umaaamm/Documents/UMAM/AUTOMATION/mobile-automation/screenshots/Login_with_valid_credentials_20260710_133853.png
2026-07-10 13:38:56
                [main]
                ERROR
                Automation - [FAIL] Screenshot : /Users/umaaamm/Documents/UMAM/AUTOMATION/mobile-automation/screenshots/Login_with_valid_credentials_20260710_133855.png
2026-07-10 13:46:54
                [main]
                INFO 
                Automation - ==================================================
2026-07-10 13:46:54
                [main]
                INFO 
                Automation - Scenario : Login with valid credentials
2026-07-10 13:46:54
                [main]
                INFO 
                Automation - ==================================================
2026-07-10 13:46:54
                [main]
                INFO 
                Automation - ==================================================
2026-07-10 13:46:54
                [main]
                INFO 
                Automation - Scenario : Login with valid credentials
2026-07-10 13:46:54
                [main]
                INFO 
                Automation - ==================================================
2026-07-10 13:47:01
                [main]
                INFO 
                Automation - [STEP] Input : Username
2026-07-10 13:47:02
                [main]
                INFO 
                Automation - [STEP] Input : Username
2026-07-10 13:47:03
                [main]
                INFO 
                Automation - [STEP] Input : Password
2026-07-10 13:47:04
                [main]
                INFO 
                Automation - [ACTION] Click : Button Login
2026-07-10 13:47:05
                [main]
                INFO 
                Automation - [STEP] Input : Password
2026-07-10 13:47:05
                [main]
                INFO 
                Automation - [VERIFY] Verify Dashboard
2026-07-10 13:47:05
                [main]
                INFO 
                Automation - [STEP] Displayed : Title Halaman Dashboard
2026-07-10 13:47:06
                [main]
                INFO 
                Automation - [PASS] Dashboard displayed
2026-07-10 13:47:06
                [main]
                INFO 
                Automation - [ACTION] Click : Button Login
2026-07-10 13:47:07
                [main]
                INFO 
                Automation - [VERIFY] Verify Dashboard
2026-07-10 13:47:07
                [main]
                INFO 
                Automation - [STEP] Displayed : Title Halaman Dashboard
2026-07-10 13:47:08
                [main]
                INFO 
                Automation - [PASS] Dashboard displayed
2026-07-10 13:49:10
                [main]
                INFO 
                Automation - ==================================================
2026-07-10 13:49:10
                [main]
                INFO 
                Automation - Scenario : Login with valid credentials
2026-07-10 13:49:10
                [main]
                INFO 
                Automation - ==================================================
2026-07-10 13:49:10
                [main]
                INFO 
                Automation - ==================================================
2026-07-10 13:49:10
                [main]
                INFO 
                Automation - Scenario : Login with valid credentials
2026-07-10 13:49:10
                [main]
                INFO 
                Automation - ==================================================
2026-07-10 13:49:17
                [main]
                INFO 
                Automation - [STEP] Input : Username
2026-07-10 13:49:18
                [main]
                INFO 
                Automation - [STEP] Input : Username
2026-07-10 13:49:19
                [main]
                INFO 
                Automation - [STEP] Input : Password
2026-07-10 13:49:20
                [main]
                INFO 
                Automation - [STEP] Input : Password
2026-07-10 13:49:20
                [main]
                INFO 
                Automation - [ACTION] Click : Button Login
2026-07-10 13:49:21
                [main]
                INFO 
                Automation - [VERIFY] Verify Dashboard
2026-07-10 13:49:21
                [main]
                INFO 
                Automation - [STEP] Displayed : Title Halaman Dashboard
2026-07-10 13:49:22
                [main]
                INFO 
                Automation - [ACTION] Click : Button Login
2026-07-10 13:49:22
                [main]
                INFO 
                Automation - [PASS] Dashboard displayed
2026-07-10 13:49:22
                [main]
                INFO 
                Automation - [VERIFY] Verify Dashboard
2026-07-10 13:49:22
                [main]
                INFO 
                Automation - [STEP] Displayed : Title Halaman Dashboard
2026-07-10 13:49:23
                [main]
                INFO 
                Automation - [PASS] Dashboard displayed
2026-07-10 14:01:03
                [main]
                INFO 
                Automation - ==================================================
2026-07-10 14:01:03
                [main]
                INFO 
                Automation - Scenario : Login with valid credentials
2026-07-10 14:01:03
                [main]
                INFO 
                Automation - ==================================================
2026-07-10 14:01:12
                [main]
                INFO 
                Automation - [STEP] Input : Username
2026-07-10 14:01:14
                [main]
                INFO 
                Automation - [STEP] Input : Password
2026-07-10 14:01:15
                [main]
                INFO 
                Automation - [ACTION] Click : Button Login
2026-07-10 14:01:16
                [main]
                INFO 
                Automation - [VERIFY] Verify Dashboard
2026-07-10 14:01:16
                [main]
                INFO 
                Automation - [STEP] Displayed : Title Halaman Dashboard
2026-07-10 14:01:17
                [main]
                INFO 
                Automation - [PASS] Dashboard displayed
2026-07-10 14:23:47
                [main]
                INFO 
                Automation - ==================================================
2026-07-10 14:23:47
                [main]
                INFO 
                Automation - Scenario : Login with valid credentials
2026-07-10 14:23:47
                [main]
                INFO 
                Automation - ==================================================
2026-07-10 14:23:47
                [main]
                INFO 
                Automation - ==================================================
2026-07-10 14:23:47
                [main]
                INFO 
                Automation - Scenario : Login with valid credentials
2026-07-10 14:23:47
                [main]
                INFO 
                Automation - ==================================================
2026-07-10 14:23:55
                [main]
                INFO 
                Automation - [STEP] Input : Username
2026-07-10 14:23:56
                [main]
                INFO 
                Automation - [STEP] Input : Username
2026-07-10 14:23:58
                [main]
                INFO 
                Automation - [STEP] Input : Password
2026-07-10 14:23:59
                [main]
                INFO 
                Automation - [STEP] Input : Password
2026-07-10 14:23:59
                [main]
                INFO 
                Automation - [ACTION] Click : Button Login
2026-07-10 14:24:00
                [main]
                INFO 
                Automation - [ACTION] Click : Button Login
2026-07-10 14:24:00
                [main]
                INFO 
                Automation - [VERIFY] Verify Dashboard
2026-07-10 14:24:00
                [main]
                INFO 
                Automation - [STEP] Displayed : Title Halaman Dashboard
2026-07-10 14:24:01
                [main]
                INFO 
                Automation - [PASS] Dashboard displayed
2026-07-10 14:24:01
                [main]
                INFO 
                Automation - [VERIFY] Verify Dashboard
2026-07-10 14:24:01
                [main]
                INFO 
                Automation - [STEP] Displayed : Title Halaman Dashboard
2026-07-10 14:24:02
                [main]
                INFO 
                Automation - [PASS] Dashboard displayed
2026-07-10 14:32:31
                [main]
                INFO 
                Automation - ==================================================
2026-07-10 14:32:31
                [main]
                INFO 
                Automation - ==================================================
2026-07-10 14:32:31
                [main]
                INFO 
                Automation - Scenario : Login with valid credentials
2026-07-10 14:32:31
                [main]
                INFO 
                Automation - ==================================================
2026-07-10 14:32:31
                [main]
                INFO 
                Automation - Scenario : Login with valid credentials
2026-07-10 14:32:31
                [main]
                INFO 
                Automation - ==================================================
2026-07-10 14:32:40
                [main]
                INFO 
                Automation - [STEP] Input : Username
2026-07-10 14:32:40
                [main]
                INFO 
                Automation - [STEP] Input : Username
2026-07-10 14:32:42
                [main]
                INFO 
                Automation - [STEP] Input : Password
2026-07-10 14:32:42
                [main]
                INFO 
                Automation - [STEP] Input : Password
2026-07-10 14:32:43
                [main]
                INFO 
                Automation - [ACTION] Click : Button Login
2026-07-10 14:32:44
                [main]
                INFO 
                Automation - [ACTION] Click : Button Login
2026-07-10 14:32:44
                [main]
                INFO 
                Automation - [VERIFY] Verify Dashboard
2026-07-10 14:32:44
                [main]
                INFO 
                Automation - [STEP] Displayed : Title Halaman Dashboard
2026-07-10 14:32:45
                [main]
                INFO 
                Automation - [VERIFY] Verify Dashboard
2026-07-10 14:32:45
                [main]
                INFO 
                Automation - [STEP] Displayed : Title Halaman Dashboard
2026-07-10 14:32:45
                [main]
                INFO 
                Automation - [PASS] Dashboard displayed
2026-07-10 14:32:46
                [main]
                INFO 
                Automation - [PASS] Dashboard displayed
2026-07-10 14:34:14
                [main]
                INFO 
                Automation - ==================================================
2026-07-10 14:34:14
                [main]
                INFO 
                Automation - Scenario : Login with valid credentials
2026-07-10 14:34:14
                [main]
                INFO 
                Automation - ==================================================
2026-07-10 14:34:22
                [main]
                INFO 
                Automation - [STEP] Input : Username
2026-07-10 14:34:24
                [main]
                INFO 
                Automation - [STEP] Input : Password
2026-07-10 14:34:25
                [main]
                INFO 
                Automation - [ACTION] Click : Button Login
2026-07-10 14:34:26
                [main]
                INFO 
                Automation - [VERIFY] Verify Dashboard
2026-07-10 14:34:26
                [main]
                INFO 
                Automation - [STEP] Displayed : Title Halaman Dashboard
2026-07-10 14:34:27
                [main]
                INFO 
                Automation - [PASS] Dashboard displayed
2026-07-10 14:35:14
                [main]
                INFO 
                Automation - ==================================================
2026-07-10 14:35:14
                [main]
                INFO 
                Automation - ==================================================
2026-07-10 14:35:14
                [main]
                INFO 
                Automation - Scenario : Login with valid credentials
2026-07-10 14:35:14
                [main]
                INFO 
                Automation - Scenario : Login with valid credentials
2026-07-10 14:35:14
                [main]
                INFO 
                Automation - ==================================================
2026-07-10 14:35:14
                [main]
                INFO 
                Automation - ==================================================
2026-07-10 14:35:20
                [main]
                INFO 
                Automation - [STEP] Input : Username
2026-07-10 14:35:21
                [main]
                INFO 
                Automation - [STEP] Input : Username
2026-07-10 14:35:22
                [main]
                INFO 
                Automation - [STEP] Input : Password
2026-07-10 14:35:23
                [main]
                INFO 
                Automation - [STEP] Input : Password
2026-07-10 14:35:23
                [main]
                INFO 
                Automation - [ACTION] Click : Button Login
2026-07-10 14:35:24
                [main]
                INFO 
                Automation - [VERIFY] Verify Dashboard
2026-07-10 14:35:24
                [main]
                INFO 
                Automation - [STEP] Displayed : Title Halaman Dashboard
2026-07-10 14:35:25
                [main]
                INFO 
                Automation - [ACTION] Click : Button Login
2026-07-10 14:35:25
                [main]
                INFO 
                Automation - [VERIFY] Verify Dashboard
2026-07-10 14:35:25
                [main]
                INFO 
                Automation - [STEP] Displayed : Title Halaman Dashboard
2026-07-10 14:35:26
                [main]
                INFO 
                Automation - [PASS] Dashboard displayed
2026-07-10 14:35:26
                [main]
                INFO 
                Automation - [PASS] Dashboard displayed
2026-07-10 14:36:36
                [main]
                INFO 
                Automation - ==================================================
2026-07-10 14:36:36
                [main]
                INFO 
                Automation - Scenario : Login with valid credentials
2026-07-10 14:36:36
                [main]
                INFO 
                Automation - ==================================================
2026-07-10 14:36:36
                [main]
                INFO 
                Automation - ==================================================
2026-07-10 14:36:36
                [main]
                INFO 
                Automation - Scenario : Login with valid credentials
2026-07-10 14:36:36
                [main]
                INFO 
                Automation - ==================================================
2026-07-10 14:36:42
                [main]
                INFO 
                Automation - [STEP] Input : Username
2026-07-10 14:36:44
                [main]
                INFO 
                Automation - [STEP] Input : Username
2026-07-10 14:36:45
                [main]
                INFO 
                Automation - [STEP] Input : Password
2026-07-10 14:36:46
                [main]
                INFO 
                Automation - [ACTION] Click : Button Login
2026-07-10 14:36:46
                [main]
                INFO 
                Automation - [STEP] Input : Password
2026-07-10 14:36:46
                [main]
                INFO 
                Automation - [VERIFY] Verify Dashboard
2026-07-10 14:36:46
                [main]
                INFO 
                Automation - [STEP] Displayed : Title Halaman Dashboard
2026-07-10 14:36:47
                [main]
                INFO 
                Automation - [PASS] Dashboard displayed
2026-07-10 14:36:48
                [main]
                INFO 
                Automation - [ACTION] Click : Button Login
2026-07-10 14:36:48
                [main]
                INFO 
                Automation - [VERIFY] Verify Dashboard
2026-07-10 14:36:48
                [main]
                INFO 
                Automation - [STEP] Displayed : Title Halaman Dashboard
2026-07-10 14:36:50
                [main]
                INFO 
                Automation - [PASS] Dashboard displayed
2026-07-10 14:49:37
                [main]
                INFO 
                Automation - ==================================================
2026-07-10 14:49:37
                [main]
                INFO 
                Automation - ==================================================
2026-07-10 14:49:37
                [main]
                INFO 
                Automation - Scenario : Login with valid credentials
2026-07-10 14:49:37
                [main]
                INFO 
                Automation - Scenario : Login with valid credentials
2026-07-10 14:49:37
                [main]
                INFO 
                Automation - ==================================================
2026-07-10 14:49:37
                [main]
                INFO 
                Automation - ==================================================
2026-07-10 14:49:43
                [main]
                INFO 
                Automation - [STEP] Input : Username
2026-07-10 14:49:45
                [main]
                INFO 
                Automation - [STEP] Input : Password
2026-07-10 14:49:47
                [main]
                INFO 
                Automation - [ACTION] Click : Button Login
2026-07-10 14:49:47
                [main]
                INFO 
                Automation - [VERIFY] Verify Dashboard
2026-07-10 14:49:47
                [main]
                INFO 
                Automation - [STEP] Displayed : Title Halaman Dashboard
2026-07-10 14:49:48
                [main]
                INFO 
                Automation - [PASS] Dashboard displayed
2026-07-10 14:49:49
                [main]
                INFO 
                Automation - [STEP] Input : Username
2026-07-10 14:49:52
                [main]
                INFO 
                Automation - [STEP] Input : Password
2026-07-10 14:49:54
                [main]
                INFO 
                Automation - [ACTION] Click : Button Login
2026-07-10 14:49:54
                [main]
                INFO 
                Automation - [VERIFY] Verify Dashboard
2026-07-10 14:49:54
                [main]
                INFO 
                Automation - [STEP] Displayed : Title Halaman Dashboard
2026-07-10 14:49:56
                [main]
                INFO 
                Automation - [PASS] Dashboard displayed
2026-07-10 14:57:20
                [main]
                INFO 
                Automation - ==================================================
2026-07-10 14:57:20
                [main]
                INFO 
                Automation - ==================================================
2026-07-10 14:57:20
                [main]
                INFO 
                Automation - Scenario : Login with valid credentials
2026-07-10 14:57:20
                [main]
                INFO 
                Automation - Scenario : Login with valid credentials
2026-07-10 14:57:20
                [main]
                INFO 
                Automation - ==================================================
2026-07-10 14:57:20
                [main]
                INFO 
                Automation - ==================================================
2026-07-10 14:57:28
                [main]
                INFO 
                Automation - [STEP] Input : Username
2026-07-10 14:57:28
                [main]
                INFO 
                Automation - [STEP] Input : Username
2026-07-10 14:57:30
                [main]
                INFO 
                Automation - [STEP] Input : Password
2026-07-10 14:57:31
                [main]
                INFO 
                Automation - [STEP] Input : Password
2026-07-10 14:57:31
                [main]
                INFO 
                Automation - [ACTION] Click : Button Login
2026-07-10 14:57:32
                [main]
                INFO 
                Automation - [ACTION] Click : Button Login
2026-07-10 14:57:32
                [main]
                ERROR
                Automation - [FAIL] Screenshot : /Users/umaaamm/Documents/UMAM/AUTOMATION/mobile-automation/screenshots/Login_with_valid_credentials_20260710_145732.png
2026-07-10 14:57:34
                [main]
                ERROR
                Automation - [FAIL] Screenshot : /Users/umaaamm/Documents/UMAM/AUTOMATION/mobile-automation/screenshots/Login_with_valid_credentials_20260710_145734.png
2026-07-10 15:06:12
                [main]
                INFO 
                Automation - ==================================================
2026-07-10 15:06:12
                [main]
                INFO 
                Automation - ==================================================
2026-07-10 15:06:12
                [main]
                INFO 
                Automation - Scenario : Login with valid credentials
2026-07-10 15:06:12
                [main]
                INFO 
                Automation - ==================================================
2026-07-10 15:06:12
                [main]
                INFO 
                Automation - Scenario : Login with valid credentials
2026-07-10 15:06:12
                [main]
                INFO 
                Automation - ==================================================
2026-07-10 15:06:19
                [main]
                INFO 
                Automation - [STEP] Input : Username
2026-07-10 15:06:21
                [main]
                INFO 
                Automation - [STEP] Input : Username
2026-07-10 15:06:21
                [main]
                INFO 
                Automation - [STEP] Input : Password
2026-07-10 15:06:22
                [main]
                INFO 
                Automation - [ACTION] Click : Button Login
2026-07-10 15:06:23
                [main]
                INFO 
                Automation - [STEP] Input : Password
2026-07-10 15:06:23
                [main]
                INFO 
                Automation - [VERIFY] Verify Dashboard
2026-07-10 15:06:23
                [main]
                INFO 
                Automation - [STEP] Displayed : Title Halaman Dashboard
2026-07-10 15:06:24
                [main]
                INFO 
                Automation - [PASS] Dashboard displayed
2026-07-10 15:06:24
                [main]
                INFO 
                Automation - [ACTION] Click : Button Login
2026-07-10 15:06:25
                [main]
                INFO 
                Automation - [VERIFY] Verify Dashboard
2026-07-10 15:06:25
                [main]
                INFO 
                Automation - [STEP] Displayed : Title Halaman Dashboard
2026-07-10 15:06:26
                [main]
                INFO 
                Automation - [PASS] Dashboard displayed
